<?xml version="1.0" encoding="UTF-8"?>
<!-- Generated by org.testng.reporters.JUnitReportReporter -->
<testsuite hostname="DESKTOP-2B1P0GB" failures="0" tests="9" name="com.qa.opencart.testcase.LoginPageTest" time="15.072" errors="0" timestamp="2023-02-10T11:12:03 IST" skipped="0">
  <testcase classname="com.qa.opencart.testcase.LoginPageTest" name="verifyLoginPgTitleTest" time="0.028"/>
  <system-out/>
  <testcase classname="com.qa.opencart.testcase.LoginPageTest" name="verifyLoginPgUrlTest" time="0.022"/>
  <system-out/>
  <testcase classname="com.qa.opencart.testcase.LoginPageTest" name="verifyingIsNewCustomerHeaderTextAvailableTest" time="0.080"/>
  <system-out/>
  <testcase classname="com.qa.opencart.testcase.LoginPageTest" name="verifyingIsReturningCustomerHeaderTextTest" time="0.057"/>
  <system-out/>
  <testcase classname="com.qa.opencart.testcase.LoginPageTest" name="verifyForgotPswdExistsTest" time="0.057"/>
  <system-out/>
  <testcase classname="com.qa.opencart.testcase.LoginPageTest" name="verifyingIsRegisterAccountTextAvailableTest" time="0.095"/>
  <system-out/>
  <testcase classname="com.qa.opencart.testcase.LoginPageTest" name="validatingForgottenPswdLinkTest" time="3.163"/>
  <system-out/>
  <testcase classname="com.qa.opencart.testcase.LoginPageTest" name="validatingLoginPgContinueBtnTest" time="3.618"/>
  <system-out/>
  <testcase classname="com.qa.opencart.testcase.LoginPageTest" name="loginTest" time="7.952"/>
  <system-out/>
</testsuite> <!-- com.qa.opencart.testcase.LoginPageTest -->
