<?xml version="1.0" encoding="UTF-8"?>
<!-- Generated by org.testng.reporters.JUnitReportReporter -->
<testsuite hostname="DESKTOP-2B1P0GB" failures="0" tests="6" name="com.qa.opencart.testcase.ForgotPswdPageTest" time="47.488" errors="0" timestamp="2023-02-11T15:48:09 IST" skipped="0">
  <testcase classname="com.qa.opencart.testcase.ForgotPswdPageTest" name="verifyIsForgotYourPswdHeaderTxtAvailableTest" time="3.072"/>
  <system-out/>
  <testcase classname="com.qa.opencart.testcase.ForgotPswdPageTest" name="verifyIsYourEmailAddrTxtAvailableTest" time="3.063"/>
  <system-out/>
  <testcase classname="com.qa.opencart.testcase.ForgotPswdPageTest" name="setRandomEmailTest" time="13.927"/>
  <system-out/>
  <testcase classname="com.qa.opencart.testcase.ForgotPswdPageTest" name="withoutFillingEmailTest" time="10.787"/>
  <system-out/>
  <testcase classname="com.qa.opencart.testcase.ForgotPswdPageTest" name="validatingBackLinkTest" time="5.734"/>
  <system-out/>
  <testcase classname="com.qa.opencart.testcase.ForgotPswdPageTest" name="navigatingToForgotPswdPgFromRegPgTest" time="10.905"/>
  <system-out/>
</testsuite> <!-- com.qa.opencart.testcase.ForgotPswdPageTest -->
