<?xml version="1.0" encoding="UTF-8"?>
<!-- Generated by org.testng.reporters.JUnitReportReporter -->
<testsuite hostname="DESKTOP-2B1P0GB" failures="0" tests="9" name="com.qa.opencart.testcase.LoginPageTest" time="17.287" errors="0" timestamp="2023-02-11T15:48:09 IST" skipped="0">
  <testcase classname="com.qa.opencart.testcase.LoginPageTest" name="verifyLoginPgTitleTest" time="0.018"/>
  <system-out/>
  <testcase classname="com.qa.opencart.testcase.LoginPageTest" name="verifyLoginPgUrlTest" time="0.023"/>
  <system-out/>
  <testcase classname="com.qa.opencart.testcase.LoginPageTest" name="verifyingIsNewCustomerHeaderTextAvailableTest" time="0.077"/>
  <system-out/>
  <testcase classname="com.qa.opencart.testcase.LoginPageTest" name="verifyingIsReturningCustomerHeaderTextTest" time="0.057"/>
  <system-out/>
  <testcase classname="com.qa.opencart.testcase.LoginPageTest" name="verifyForgotPswdExistsTest" time="0.055"/>
  <system-out/>
  <testcase classname="com.qa.opencart.testcase.LoginPageTest" name="verifyingIsRegisterAccountTextAvailableTest" time="0.068"/>
  <system-out/>
  <testcase classname="com.qa.opencart.testcase.LoginPageTest" name="validatingForgottenPswdLinkTest" time="3.468"/>
  <system-out/>
  <testcase classname="com.qa.opencart.testcase.LoginPageTest" name="validatingLoginPgContinueBtnTest" time="4.878"/>
  <system-out/>
  <testcase classname="com.qa.opencart.testcase.LoginPageTest" name="loginTest" time="8.643"/>
  <system-out/>
</testsuite> <!-- com.qa.opencart.testcase.LoginPageTest -->
