<?xml version="1.0" encoding="UTF-8"?>
<!-- Generated by org.testng.reporters.JUnitReportReporter -->
<testsuite hostname="DESKTOP-2B1P0GB" failures="0" tests="9" name="com.qa.opencart.testcase.RegistrationPageTest" time="353.564" errors="0" timestamp="2023-02-11T15:48:09 IST" skipped="0">
  <testcase classname="com.qa.opencart.testcase.RegistrationPageTest" name="registrationDataDrivenTest" time="61.192"/>
  <system-out/>
  <testcase classname="com.qa.opencart.testcase.RegistrationPageTest" name="registrationDataDrivenTest" time="58.573"/>
  <system-out/>
  <testcase classname="com.qa.opencart.testcase.RegistrationPageTest" name="registrationTest" time="59.673"/>
  <system-out/>
  <testcase classname="com.qa.opencart.testcase.RegistrationPageTest" name="registrationDataDrivenTest" time="58.315"/>
  <system-out/>
  <testcase classname="com.qa.opencart.testcase.RegistrationPageTest" name="validatingLoginPgLink" time="8.226"/>
  <system-out/>
  <testcase classname="com.qa.opencart.testcase.RegistrationPageTest" name="registrationPgNegativeCases" time="43.430"/>
  <system-out/>
  <testcase classname="com.qa.opencart.testcase.RegistrationPageTest" name="validatingPrivacyPolicyLink" time="11.165"/>
  <system-out/>
  <testcase classname="com.qa.opencart.testcase.RegistrationPageTest" name="registerPgContinueBtn" time="8.246"/>
  <system-out/>
  <testcase classname="com.qa.opencart.testcase.RegistrationPageTest" name="existingEmailErrMsg" time="44.744"/>
  <system-out/>
</testsuite> <!-- com.qa.opencart.testcase.RegistrationPageTest -->
