<?xml version="1.0" encoding="UTF-8"?>
<!-- Generated by org.testng.reporters.JUnitReportReporter -->
<testsuite hostname="DESKTOP-2B1P0GB" failures="0" tests="6" name="com.qa.opencart.testcase.ForgotPswdPageTest" time="45.409" errors="0" timestamp="2023-02-10T11:12:03 IST" skipped="0">
  <testcase classname="com.qa.opencart.testcase.ForgotPswdPageTest" name="verifyIsForgotYourPswdHeaderTxtAvailableTest" time="2.844"/>
  <system-out/>
  <testcase classname="com.qa.opencart.testcase.ForgotPswdPageTest" name="verifyIsYourEmailAddrTxtAvailableTest" time="2.790"/>
  <system-out/>
  <testcase classname="com.qa.opencart.testcase.ForgotPswdPageTest" name="setRandomEmailTest" time="13.117"/>
  <system-out/>
  <testcase classname="com.qa.opencart.testcase.ForgotPswdPageTest" name="withoutFillingEmailTest" time="10.621"/>
  <system-out/>
  <testcase classname="com.qa.opencart.testcase.ForgotPswdPageTest" name="validatingBackLinkTest" time="5.575"/>
  <system-out/>
  <testcase classname="com.qa.opencart.testcase.ForgotPswdPageTest" name="navigatingToForgotPswdPgFromRegPgTest" time="10.462"/>
  <system-out/>
</testsuite> <!-- com.qa.opencart.testcase.ForgotPswdPageTest -->
