<?xml version="1.0" encoding="UTF-8"?>
<!-- Generated by org.testng.reporters.JUnitReportReporter -->
<testsuite hostname="DESKTOP-2B1P0GB" failures="0" tests="4" name="com.qa.opencart.testcase.HomePageTest" time="14.246" errors="0" timestamp="2023-02-11T15:48:09 IST" skipped="0">
  <testcase classname="com.qa.opencart.testcase.HomePageTest" name="verifyOpenCartLogoTest" time="0.229"/>
  <system-out/>
  <testcase classname="com.qa.opencart.testcase.HomePageTest" name="verifyOpenCartTitleTest" time="0.051"/>
  <system-out/>
  <testcase classname="com.qa.opencart.testcase.HomePageTest" name="navigateToRegistrationPageTest" time="7.465"/>
  <system-out/>
  <testcase classname="com.qa.opencart.testcase.HomePageTest" name="navigateToLoginPageTest" time="6.501"/>
  <system-out/>
</testsuite> <!-- com.qa.opencart.testcase.HomePageTest -->
