<?xml version="1.0" encoding="UTF-8"?>
<!-- Generated by org.testng.reporters.JUnitReportReporter -->
<testsuite hostname="DESKTOP-2B1P0GB" failures="0" tests="4" name="com.qa.opencart.testcase.HomePageTest" time="12.357" errors="0" timestamp="2023-02-10T11:12:03 IST" skipped="0">
  <testcase classname="com.qa.opencart.testcase.HomePageTest" name="verifyOpenCartLogoTest" time="0.201"/>
  <system-out/>
  <testcase classname="com.qa.opencart.testcase.HomePageTest" name="verifyOpenCartTitleTest" time="0.053"/>
  <system-out/>
  <testcase classname="com.qa.opencart.testcase.HomePageTest" name="navigateToRegistrationPageTest" time="6.250"/>
  <system-out/>
  <testcase classname="com.qa.opencart.testcase.HomePageTest" name="navigateToLoginPageTest" time="5.853"/>
  <system-out/>
</testsuite> <!-- com.qa.opencart.testcase.HomePageTest -->
