<?xml version="1.0" encoding="UTF-8"?>
<!-- Generated by org.testng.reporters.JUnitReportReporter -->
<testsuite hostname="DESKTOP-2B1P0GB" failures="0" tests="11" name="com.qa.opencart.testcase.ProductsDetailsPageTest" time="95.162" errors="0" timestamp="2023-02-11T15:48:09 IST" skipped="0">
  <testcase classname="com.qa.opencart.testcase.ProductsDetailsPageTest" name="productImagesTest" time="7.837"/>
  <system-out/>
  <testcase classname="com.qa.opencart.testcase.ProductsDetailsPageTest" name="productImagesTest" time="9.877"/>
  <system-out/>
  <testcase classname="com.qa.opencart.testcase.ProductsDetailsPageTest" name="productHeaderTest" time="6.352"/>
  <system-out/>
  <testcase classname="com.qa.opencart.testcase.ProductsDetailsPageTest" name="productHeaderTest" time="11.663"/>
  <system-out/>
  <testcase classname="com.qa.opencart.testcase.ProductsDetailsPageTest" name="productHeaderTest" time="11.394"/>
  <system-out/>
  <testcase classname="com.qa.opencart.testcase.ProductsDetailsPageTest" name="productImagesTest" time="12.000"/>
  <system-out/>
  <testcase classname="com.qa.opencart.testcase.ProductsDetailsPageTest" name="productHeaderTest" time="7.005"/>
  <system-out/>
  <testcase classname="com.qa.opencart.testcase.ProductsDetailsPageTest" name="productHeaderTest" time="6.887"/>
  <system-out/>
  <testcase classname="com.qa.opencart.testcase.ProductsDetailsPageTest" name="productMetaDataTest" time="8.925"/>
  <system-out/>
  <testcase classname="com.qa.opencart.testcase.ProductsDetailsPageTest" name="productImagesTest" time="6.789"/>
  <system-out/>
  <testcase classname="com.qa.opencart.testcase.ProductsDetailsPageTest" name="productImagesTest" time="6.433"/>
  <system-out/>
</testsuite> <!-- com.qa.opencart.testcase.ProductsDetailsPageTest -->
