<?xml version="1.0" encoding="UTF-8"?>
<!-- Generated by org.testng.reporters.JUnitReportReporter -->
<testsuite hostname="DESKTOP-2B1P0GB" failures="0" tests="11" name="com.qa.opencart.testcase.ProductsDetailsPageTest" time="48.799" errors="0" timestamp="2023-02-10T11:12:03 IST" skipped="0">
  <testcase classname="com.qa.opencart.testcase.ProductsDetailsPageTest" name="productMetaDataTest" time="4.165"/>
  <system-out/>
  <testcase classname="com.qa.opencart.testcase.ProductsDetailsPageTest" name="productImagesTest" time="4.197"/>
  <system-out/>
  <testcase classname="com.qa.opencart.testcase.ProductsDetailsPageTest" name="productImagesTest" time="4.275"/>
  <system-out/>
  <testcase classname="com.qa.opencart.testcase.ProductsDetailsPageTest" name="productImagesTest" time="4.045"/>
  <system-out/>
  <testcase classname="com.qa.opencart.testcase.ProductsDetailsPageTest" name="productHeaderTest" time="4.498"/>
  <system-out/>
  <testcase classname="com.qa.opencart.testcase.ProductsDetailsPageTest" name="productHeaderTest" time="4.717"/>
  <system-out/>
  <testcase classname="com.qa.opencart.testcase.ProductsDetailsPageTest" name="productImagesTest" time="4.115"/>
  <system-out/>
  <testcase classname="com.qa.opencart.testcase.ProductsDetailsPageTest" name="productHeaderTest" time="4.739"/>
  <system-out/>
  <testcase classname="com.qa.opencart.testcase.ProductsDetailsPageTest" name="productHeaderTest" time="5.266"/>
  <system-out/>
  <testcase classname="com.qa.opencart.testcase.ProductsDetailsPageTest" name="productHeaderTest" time="4.638"/>
  <system-out/>
  <testcase classname="com.qa.opencart.testcase.ProductsDetailsPageTest" name="productImagesTest" time="4.144"/>
  <system-out/>
</testsuite> <!-- com.qa.opencart.testcase.ProductsDetailsPageTest -->
