<?xml version="1.0" encoding="UTF-8"?>
<!-- Generated by org.testng.reporters.JUnitReportReporter -->
<testsuite hostname="DESKTOP-2B1P0GB" failures="0" tests="9" name="com.qa.opencart.testcase.MyAccountPageTest" time="30.117" errors="0" timestamp="2023-02-10T11:12:03 IST" skipped="0">
  <testcase classname="com.qa.opencart.testcase.MyAccountPageTest" name="verifyingMyAccountPgUrl" time="0.038"/>
  <system-out/>
  <testcase classname="com.qa.opencart.testcase.MyAccountPageTest" name="verifyingMyAccountPgTitle" time="0.012"/>
  <system-out/>
  <testcase classname="com.qa.opencart.testcase.MyAccountPageTest" name="verifyingSearchBoxExistsTest" time="0.053"/>
  <system-out/>
  <testcase classname="com.qa.opencart.testcase.MyAccountPageTest" name="verifyingLogoutExistsTest" time="2.371"/>
  <system-out/>
  <testcase classname="com.qa.opencart.testcase.MyAccountPageTest" name="verifyingMyAccMenuOptionList" time="2.347"/>
  <system-out/>
  <testcase classname="com.qa.opencart.testcase.MyAccountPageTest" name="verifyingMyAccHeaderList" time="0.086"/>
  <system-out/>
  <testcase classname="com.qa.opencart.testcase.MyAccountPageTest" name="productSearchTest" time="8.352"/>
  <system-out/>
  <testcase classname="com.qa.opencart.testcase.MyAccountPageTest" name="productSearchTest" time="8.541"/>
  <system-out/>
  <testcase classname="com.qa.opencart.testcase.MyAccountPageTest" name="productSearchTest" time="8.317"/>
  <system-out/>
</testsuite> <!-- com.qa.opencart.testcase.MyAccountPageTest -->
