<?xml version="1.0" encoding="UTF-8"?>
<!-- Generated by org.testng.reporters.JUnitReportReporter -->
<testsuite hostname="DESKTOP-2B1P0GB" failures="0" tests="9" name="com.qa.opencart.testcase.RegistrationPageTest" time="343.294" errors="0" timestamp="2023-02-10T11:12:03 IST" skipped="0">
  <testcase classname="com.qa.opencart.testcase.RegistrationPageTest" name="registrationDataDrivenTest" time="57.925"/>
  <system-out/>
  <testcase classname="com.qa.opencart.testcase.RegistrationPageTest" name="registrationDataDrivenTest" time="57.551"/>
  <system-out/>
  <testcase classname="com.qa.opencart.testcase.RegistrationPageTest" name="registrationTest" time="57.054"/>
  <system-out/>
  <testcase classname="com.qa.opencart.testcase.RegistrationPageTest" name="registrationDataDrivenTest" time="58.327"/>
  <system-out/>
  <testcase classname="com.qa.opencart.testcase.RegistrationPageTest" name="validatingLoginPgLink" time="8.034"/>
  <system-out/>
  <testcase classname="com.qa.opencart.testcase.RegistrationPageTest" name="registrationPgNegativeCases" time="42.040"/>
  <system-out/>
  <testcase classname="com.qa.opencart.testcase.RegistrationPageTest" name="validatingPrivacyPolicyLink" time="10.085"/>
  <system-out/>
  <testcase classname="com.qa.opencart.testcase.RegistrationPageTest" name="registerPgContinueBtn" time="8.386"/>
  <system-out/>
  <testcase classname="com.qa.opencart.testcase.RegistrationPageTest" name="existingEmailErrMsg" time="43.892"/>
  <system-out/>
</testsuite> <!-- com.qa.opencart.testcase.RegistrationPageTest -->
